-------------------------------------------------------------------------------
Test set: br.udesc.CreateMatchTest
-------------------------------------------------------------------------------
Tests run: 1, Failures: 1, Errors: 0, Skipped: 0, Time elapsed: 0.001 s <<< FAILURE! - in br.udesc.CreateMatchTest
verificarPartidaCriada(br.udesc.CreateMatchTest)  Time elapsed: 0 s  <<< FAILURE!
java.lang.AssertionError
	at br.udesc.CreateMatchTest.verificarPartidaCriada(CreateMatchTest.java:29)

