-------------------------------------------------------------------------------
Test set: br.udesc.TestSuite
-------------------------------------------------------------------------------
Tests run: 10, Failures: 2, Errors: 3, Skipped: 0, Time elapsed: 0.001 s <<< FAILURE! - in br.udesc.TestSuite
verificarElementoNulo(br.udesc.AvatarListTest)  Time elapsed: 0 s  <<< ERROR!
java.lang.NullPointerException: Cannot invoke "java.util.List.iterator()" because "listaConvertida" is null
	at br.udesc.AvatarListTest.verificarElementoNulo(AvatarListTest.java:58)

verificarListaNula(br.udesc.AvatarListTest)  Time elapsed: 0 s  <<< FAILURE!
java.lang.AssertionError
	at br.udesc.AvatarListTest.verificarListaNula(AvatarListTest.java:39)

verificarElementoNulo(br.udesc.MatchesListTest)  Time elapsed: 0 s  <<< ERROR!
java.lang.NullPointerException: Cannot invoke "java.util.Map.values()" because "matches" is null
	at br.udesc.MatchesListTest.verificarElementoNulo(MatchesListTest.java:54)

verificarListaNula(br.udesc.MatchesListTest)  Time elapsed: 0 s  <<< FAILURE!
java.lang.AssertionError
	at br.udesc.MatchesListTest.verificarListaNula(MatchesListTest.java:34)

verificaReadyToPlay(br.udesc.ReadyToPlayTest)  Time elapsed: 0.001 s  <<< ERROR!
com.google.gson.JsonIOException: Failed making field 'java.util.Random#seed' accessible; either increase its visibility or write a custom TypeAdapter for its declaring type.
	at br.udesc.ReadyToPlayTest.verificaReadyToPlay(ReadyToPlayTest.java:27)
Caused by: java.lang.reflect.InaccessibleObjectException: Unable to make field private final java.util.concurrent.atomic.AtomicLong java.util.Random.seed accessible: module java.base does not "opens java.util" to unnamed module @13b6d03
	at br.udesc.ReadyToPlayTest.verificaReadyToPlay(ReadyToPlayTest.java:27)

