<?xml version="1.0" encoding="UTF-8"?>
<testsuite xmlns:xsi="http://www.w3.org/2001/XMLSchema-instance" xsi:noNamespaceSchemaLocation="https://maven.apache.org/surefire/maven-surefire-plugin/xsd/surefire-test-report.xsd" name="br.udesc.TestSuite" time="0.006" tests="10" errors="0" skipped="0" failures="0">
  <properties>
[...]
</properties>
  <testcase name="verificarElementoNulo" classname="br.udesc.AvatarListTest" time="0"/>
  <testcase name="verificarListaNula" classname="br.udesc.AvatarListTest" time="0"/>
  <testcase name="verificarElementoNulo" classname="br.udesc.MatchesListTest" time="0"/>
  <testcase name="verificarListaNula" classname="br.udesc.MatchesListTest" time="0"/>
  <testcase name="verificarLoginCerto" classname="br.udesc.LoginTest" time="0"/>
  <testcase name="verificaNomeErrado" classname="br.udesc.LoginTest" time="0"/>
  <testcase name="verificarSenhaErrado" classname="br.udesc.LoginTest" time="0"/>
  <testcase name="shouldAnswerWithTrue" classname="br.udesc.MatchLifecycleTest" time="0"/>
  <testcase name="verificaReadyToPlay" classname="br.udesc.ReadyToPlayTest" time="0"/>
  <testcase name="verificarCadastroNulo" classname="br.udesc.SignUpTest" time="0"/>
</testsuite>